<?xml version="1.0" encoding="UTF-8"?>
<!-- Generated by org.testng.reporters.JUnitXMLReporter -->
<testsuite ignored="5" hostname="DESKTOP-R1F5VJG" failures="0" tests="1" name="Default test(failed)(failed)(failed)(failed)(failed)(failed)" time="56.134" errors="0" timestamp="2023-03-30T12:00:37 IST">
  <testcase classname="tests.HomePageTest" name="validateComapanies_Link_Redirection_Test" time="5.978"/>
  <testcase classname="tests.HomePageTest" name="validateUserTextTest" time="0.0">
    <ignored/>
  </testcase> <!-- validateUserTextTest -->
  <testcase classname="tests.HomePageTest" name="validateDealsLinksTest" time="0.0">
    <ignored/>
  </testcase> <!-- validateDealsLinksTest -->
  <testcase classname="tests.HomePageTest" name="validateTasksLinksTest" time="0.0">
    <ignored/>
  </testcase> <!-- validateTasksLinksTest -->
  <testcase classname="tests.HomePageTest" name="validateContactLinkTest" time="0.0">
    <ignored/>
  </testcase> <!-- validateContactLinkTest -->
  <testcase classname="tests.HomePageTest" name="validateLogoutLinkTest" time="0.0">
    <ignored/>
  </testcase> <!-- validateLogoutLinkTest -->
</testsuite> <!-- Default test(failed)(failed)(failed)(failed)(failed)(failed) -->
