<?xml version="1.0" encoding="UTF-8"?>
<!-- Generated by org.testng.reporters.JUnitXMLReporter -->
<testsuite ignored="2" hostname="DESKTOP-R1F5VJG" failures="1" tests="4" name="Default test(failed)(failed)(failed)" time="241.267" errors="0" timestamp="2023-03-30T11:51:02 IST">
  <testcase classname="tests.HomePageTest" name="validateComapanies_Link_Redirection_Test" time="6.156">
    <failure type="org.junit.ComparisonFailure" message="expected:&amp;lt;Create New []Company&amp;gt; but was:&amp;lt;Create New [ ]Company&amp;gt;">
      <![CDATA[org.junit.ComparisonFailure: expected:<Create New []Company> but was:<Create New [ ]Company>
at org.junit.Assert.assertEquals(Assert.java:115)
at org.junit.Assert.assertEquals(Assert.java:144)
at tests.HomePageTest.validateComapanies_Link_Redirection_Test(HomePageTest.java:45)
at java.base/java.util.ArrayList.forEach(ArrayList.java:1511)
... Removed 25 stack frames]]>
    </failure>
  </testcase> <!-- validateComapanies_Link_Redirection_Test -->
  <testcase classname="tests.HomePageTest" name="validateUserTextTest" time="0.115"/>
  <testcase classname="tests.HomePageTest" name="validateTasksLinksTest" time="5.398"/>
  <testcase classname="tests.HomePageTest" name="validateDealsLinksTest" time="5.778"/>
  <testcase classname="tests.HomePageTest" name="validateContactLinkTest" time="0.0">
    <ignored/>
  </testcase> <!-- validateContactLinkTest -->
  <testcase classname="tests.HomePageTest" name="validateLogoutLinkTest" time="0.0">
    <ignored/>
  </testcase> <!-- validateLogoutLinkTest -->
</testsuite> <!-- Default test(failed)(failed)(failed) -->
